<?xml version="1.0" encoding="UTF-8"?>
<testng-results skipped="0" failed="0" ignored="0" total="2" passed="2">
  <reporter-output>
  </reporter-output>
  <suite name="Default suite" duration-ms="30820" started-at="2020-04-16T09:16:05Z" finished-at="2020-04-16T09:16:36Z">
    <groups>
    </groups>
    <test name="Default test" duration-ms="30820" started-at="2020-04-16T09:16:05Z" finished-at="2020-04-16T09:16:36Z">
      <class name="com.logs.LoginTest">
        <test-method status="PASS" signature="setUp()[pri:0, instance:com.logs.LoginTest@478190fc]" name="setUp" is-config="true" duration-ms="15748" started-at="2020-04-16T14:46:05Z" finished-at="2020-04-16T14:46:21Z">
          <reporter-output>
          </reporter-output>
        </test-method> <!-- setUp -->
        <test-method status="PASS" signature="FBTitleTest1()[pri:1, instance:com.logs.LoginTest@478190fc]" name="FBTitleTest1" duration-ms="43" started-at="2020-04-16T14:46:21Z" finished-at="2020-04-16T14:46:21Z">
          <reporter-output>
          </reporter-output>
        </test-method> <!-- FBTitleTest1 -->
        <test-method status="PASS" signature="tearDown()[pri:0, instance:com.logs.LoginTest@478190fc]" name="tearDown" is-config="true" duration-ms="785" started-at="2020-04-16T14:46:21Z" finished-at="2020-04-16T14:46:22Z">
          <reporter-output>
          </reporter-output>
        </test-method> <!-- tearDown -->
        <test-method status="PASS" signature="setUp()[pri:0, instance:com.logs.LoginTest@478190fc]" name="setUp" is-config="true" duration-ms="13345" started-at="2020-04-16T14:46:22Z" finished-at="2020-04-16T14:46:35Z">
          <reporter-output>
          </reporter-output>
        </test-method> <!-- setUp -->
        <test-method status="PASS" signature="FBDisplayTest2()[pri:2, instance:com.logs.LoginTest@478190fc]" name="FBDisplayTest2" duration-ms="142" started-at="2020-04-16T14:46:35Z" finished-at="2020-04-16T14:46:35Z">
          <reporter-output>
          </reporter-output>
        </test-method> <!-- FBDisplayTest2 -->
        <test-method status="PASS" signature="tearDown()[pri:0, instance:com.logs.LoginTest@478190fc]" name="tearDown" is-config="true" duration-ms="719" started-at="2020-04-16T14:46:35Z" finished-at="2020-04-16T14:46:36Z">
          <reporter-output>
          </reporter-output>
        </test-method> <!-- tearDown -->
      </class> <!-- com.logs.LoginTest -->
    </test> <!-- Default test -->
  </suite> <!-- Default suite -->
</testng-results>
